2023-04-24 11:17:00,284 - INFO - User sent message: привіт
2023-04-24 11:17:00,285 - INFO - Bot responded with: Ви Українець? Пароль?
2023-04-24 11:17:10,245 - INFO - User sent message: Слава Україні
2023-04-24 11:17:10,245 - INFO - Bot responded with: Героям слава
2023-04-24 11:17:18,648 - INFO - User sent message: Слава Нації
2023-04-24 11:17:18,648 - INFO - Bot responded with: Смерть ворогам
2023-04-24 11:17:26,139 - INFO - User sent message: Україна
2023-04-24 11:17:26,139 - INFO - Bot responded with: Ви Українець? Пароль?
2023-04-24 11:21:53,438 - INFO - User sent message: Фінальний тест
2023-04-24 11:21:53,439 - INFO - Bot responded with: Ви Українець? Пароль?
2023-04-24 11:22:00,543 - INFO - User sent message: Слава Україні
2023-04-24 11:22:00,544 - INFO - Bot responded with: Ви Українець? Пароль?
2023-04-24 11:22:15,271 - INFO - User sent message: Слава україні
2023-04-24 11:22:15,271 - INFO - Bot responded with: Ви Українець? Пароль?
2023-04-24 11:23:17,387 - INFO - User sent message: Привіт
2023-04-24 11:23:17,387 - INFO - Bot responded with: Ви Українець? Пароль?
2023-04-24 11:23:24,993 - INFO - User sent message: Слава Україні
2023-04-24 11:23:24,994 - INFO - Bot responded with: Ви Українець? Пароль?
2023-04-24 11:23:28,743 - INFO - User sent message: ошзо
2023-04-24 11:23:28,743 - INFO - Bot responded with: Ви Українець? Пароль?
